<?xml version="1.0" encoding="UTF-8"?>
<!-- Generated by org.testng.reporters.JUnitReportReporter -->
<testsuite hostname="DESKTOP-INU6OFH" failures="0" tests="1" name="automation.testsuite.Day8_Practice" time="21.602" errors="0" timestamp="2024-07-30T23:58:48 ICT" skipped="0">
  <testcase classname="automation.testsuite.Day8_Practice" name="getElement" time="21.602"/>
  <system-out/>
</testsuite> <!-- automation.testsuite.Day8_Practice -->
