<?xml version="1.0" encoding="UTF-8"?>
<!-- Generated by org.testng.reporters.JUnitReportReporter -->
<testsuite hostname="DESKTOP-INU6OFH" failures="0" tests="1" name="automation.testsuite.Day7_Test" time="0.010" errors="0" timestamp="2024-07-28T20:09:54 ICT" skipped="0">
  <testcase classname="automation.testsuite.Day7_Test" name="test1" time="0.010"/>
  <system-out/>
</testsuite> <!-- automation.testsuite.Day7_Test -->
